[2025-05-16 15:07:55.847] [info] Using configuration file /home/ashin14/.config/waybar/config.jsonc
[2025-05-16 15:07:55.848] [info] Unable to receive desktop appearance: GDBus.Error:org.freedesktop.DBus.Error.UnknownMethod: No such interface “org.freedesktop.portal.Settings” on object at path /org/freedesktop/portal/desktop
[2025-05-16 15:07:55.848] [info] Using CSS file /home/ashin14/.config/waybar/style.css
[2025-05-16 15:07:55.851] [info] Hyprland IPC starting
[2025-05-16 15:07:55.851] [info] Loading persistent workspaces from Hyprland workspace rules
[2025-05-16 15:07:55.852] [warning] Waybar has been built without rfkill support.
[2025-05-16 15:07:55.853] [warning] No batteries.
[2025-05-16 15:07:55.870] [info] Bar configured (width: 2560, height: 50) for output: DP-2
[2025-05-16 15:09:13.692] [info] Hyprland config reloaded, reinitializing hyprland/workspaces module...
[2025-05-16 15:09:13.693] [info] Loading persistent workspaces from Hyprland workspace rules
[2025-05-16 15:09:42.721] [info] Hyprland config reloaded, reinitializing hyprland/workspaces module...
[2025-05-16 15:09:42.721] [info] Loading persistent workspaces from Hyprland workspace rules
[2025-05-16 15:09:53.748] [info] Hyprland config reloaded, reinitializing hyprland/workspaces module...
[2025-05-16 15:09:53.749] [info] Loading persistent workspaces from Hyprland workspace rules
[2025-05-16 15:09:59.776] [info] Hyprland config reloaded, reinitializing hyprland/workspaces module...
[2025-05-16 15:09:59.777] [info] Loading persistent workspaces from Hyprland workspace rules
[2025-05-16 15:10:01.804] [info] Hyprland config reloaded, reinitializing hyprland/workspaces module...
[2025-05-16 15:10:01.805] [info] Loading persistent workspaces from Hyprland workspace rules
[2025-05-16 15:10:17.835] [info] Hyprland config reloaded, reinitializing hyprland/workspaces module...
[2025-05-16 15:10:17.836] [info] Loading persistent workspaces from Hyprland workspace rules
[2025-05-16 15:10:46.864] [info] Hyprland config reloaded, reinitializing hyprland/workspaces module...
[2025-05-16 15:10:46.865] [info] Loading persistent workspaces from Hyprland workspace rules
[2025-05-16 15:11:35.895] [info] Hyprland config reloaded, reinitializing hyprland/workspaces module...
[2025-05-16 15:11:35.896] [info] Loading persistent workspaces from Hyprland workspace rules
[2025-05-16 15:11:37.923] [info] Hyprland config reloaded, reinitializing hyprland/workspaces module...
[2025-05-16 15:11:37.924] [info] Loading persistent workspaces from Hyprland workspace rules
[2025-05-16 15:11:48.951] [info] Hyprland config reloaded, reinitializing hyprland/workspaces module...
[2025-05-16 15:11:48.953] [info] Loading persistent workspaces from Hyprland workspace rules
[2025-05-16 15:11:55.982] [info] Hyprland config reloaded, reinitializing hyprland/workspaces module...
[2025-05-16 15:11:55.983] [info] Loading persistent workspaces from Hyprland workspace rules
[2025-05-16 15:12:49.013] [info] Hyprland config reloaded, reinitializing hyprland/workspaces module...
[2025-05-16 15:12:49.014] [info] Loading persistent workspaces from Hyprland workspace rules
[2025-05-16 15:12:55.041] [info] Hyprland config reloaded, reinitializing hyprland/workspaces module...
[2025-05-16 15:12:55.042] [info] Loading persistent workspaces from Hyprland workspace rules
[2025-05-16 15:13:07.069] [info] Hyprland config reloaded, reinitializing hyprland/workspaces module...
[2025-05-16 15:13:07.070] [info] Loading persistent workspaces from Hyprland workspace rules
[2025-05-16 15:14:20.100] [info] Hyprland config reloaded, reinitializing hyprland/workspaces module...
[2025-05-16 15:14:20.101] [info] Loading persistent workspaces from Hyprland workspace rules
2025-05-16 18:18:07 - [swaybg-1.2.1/main.c:282] Found config * for output eDP-1 (Lenovo Group Limited 0x40A9 )
[2025-05-16 18:22:20.694] [info] Using configuration file /home/amberveers/.config/waybar/config.jsonc
[2025-05-16 18:22:20.697] [info] Unable to receive desktop appearance: GDBus.Error:org.freedesktop.DBus.Error.UnknownMethod: No such interface “org.freedesktop.portal.Settings” on object at path /org/freedesktop/portal/desktop
[2025-05-16 18:22:20.697] [info] Using CSS file /home/amberveers/.config/waybar/style.css
[2025-05-16 18:22:20.703] [info] Hyprland IPC starting
[2025-05-16 18:22:20.704] [info] Loading persistent workspaces from Hyprland workspace rules
[2025-05-16 18:22:20.750] [info] Bar configured (width: 1920, height: 50) for output: eDP-1
2025-05-16 18:37:31 - [swaybg-1.2.1/main.c:282] Found config * for output eDP-1 (Lenovo Group Limited 0x40A9 )
